Oct 02, 2014 12:51:40 AM org.apache.catalina.core.StandardServer await
INFO: A valid shutdown command was received via the shutdown port. Stopping the Server instance.
Oct 02, 2014 12:51:40 AM org.apache.coyote.AbstractProtocol pause
INFO: Pausing ProtocolHandler ["http-bio-8080"]
Oct 02, 2014 12:51:40 AM org.apache.catalina.core.StandardService stopInternal
INFO: Stopping service Catalina
Oct 02, 2014 12:51:40 AM org.apache.coyote.AbstractProtocol stop
INFO: Stopping ProtocolHandler ["http-bio-8080"]
Oct 02, 2014 12:51:40 AM org.apache.coyote.AbstractProtocol destroy
INFO: Destroying ProtocolHandler ["http-bio-8080"]
Oct 02, 2014 12:51:41 AM org.apache.catalina.startup.ClassLoaderFactory validateFile
WARNING: Problem with directory [/usr/share/tomcat7/common/classes], exists: [false], isDirectory: [false], canRead: [false]
Oct 02, 2014 12:51:41 AM org.apache.catalina.startup.ClassLoaderFactory validateFile
WARNING: Problem with directory [/usr/share/tomcat7/common], exists: [false], isDirectory: [false], canRead: [false]
Oct 02, 2014 12:51:41 AM org.apache.catalina.startup.ClassLoaderFactory validateFile
WARNING: Problem with directory [/usr/share/tomcat7/server/classes], exists: [false], isDirectory: [false], canRead: [false]
Oct 02, 2014 12:51:41 AM org.apache.catalina.startup.ClassLoaderFactory validateFile
WARNING: Problem with directory [/usr/share/tomcat7/server], exists: [false], isDirectory: [false], canRead: [false]
Oct 02, 2014 12:51:41 AM org.apache.catalina.startup.ClassLoaderFactory validateFile
WARNING: Problem with directory [/usr/share/tomcat7/shared/classes], exists: [false], isDirectory: [false], canRead: [false]
Oct 02, 2014 12:51:41 AM org.apache.catalina.startup.ClassLoaderFactory validateFile
WARNING: Problem with directory [/usr/share/tomcat7/shared], exists: [false], isDirectory: [false], canRead: [false]
Oct 02, 2014 12:51:42 AM org.apache.coyote.AbstractProtocol init
INFO: Initializing ProtocolHandler ["http-bio-8080"]
Oct 02, 2014 12:51:42 AM org.apache.catalina.startup.Catalina load
INFO: Initialization processed in 714 ms
Oct 02, 2014 12:51:42 AM org.apache.catalina.core.StandardService startInternal
INFO: Starting service Catalina
Oct 02, 2014 12:51:42 AM org.apache.catalina.core.StandardEngine startInternal
INFO: Starting Servlet Engine: Apache Tomcat/7.0.52 (Ubuntu)
Oct 02, 2014 12:51:42 AM org.apache.catalina.startup.HostConfig deployDirectory
INFO: Deploying web application directory /home/sanchit/Documents/RnD/networks-rnd/ServerHandler/webapps/ServerHandler
Oct 02, 2014 12:51:43 AM org.apache.coyote.AbstractProtocol start
INFO: Starting ProtocolHandler ["http-bio-8080"]
Oct 02, 2014 12:51:43 AM org.apache.catalina.startup.Catalina start
INFO: Server startup in 1172 ms
Oct 02, 2014 12:53:17 AM org.apache.catalina.core.StandardServer await
INFO: A valid shutdown command was received via the shutdown port. Stopping the Server instance.
Oct 02, 2014 12:53:17 AM org.apache.coyote.AbstractProtocol pause
INFO: Pausing ProtocolHandler ["http-bio-8080"]
Oct 02, 2014 12:53:17 AM org.apache.catalina.core.StandardService stopInternal
INFO: Stopping service Catalina
Oct 02, 2014 12:53:17 AM org.apache.coyote.AbstractProtocol stop
INFO: Stopping ProtocolHandler ["http-bio-8080"]
Oct 02, 2014 12:53:17 AM org.apache.coyote.AbstractProtocol destroy
INFO: Destroying ProtocolHandler ["http-bio-8080"]
Oct 02, 2014 12:53:17 AM org.apache.catalina.startup.ClassLoaderFactory validateFile
WARNING: Problem with directory [/usr/share/tomcat7/common/classes], exists: [false], isDirectory: [false], canRead: [false]
Oct 02, 2014 12:53:17 AM org.apache.catalina.startup.ClassLoaderFactory validateFile
WARNING: Problem with directory [/usr/share/tomcat7/common], exists: [false], isDirectory: [false], canRead: [false]
Oct 02, 2014 12:53:17 AM org.apache.catalina.startup.ClassLoaderFactory validateFile
WARNING: Problem with directory [/usr/share/tomcat7/server/classes], exists: [false], isDirectory: [false], canRead: [false]
Oct 02, 2014 12:53:17 AM org.apache.catalina.startup.ClassLoaderFactory validateFile
WARNING: Problem with directory [/usr/share/tomcat7/server], exists: [false], isDirectory: [false], canRead: [false]
Oct 02, 2014 12:53:17 AM org.apache.catalina.startup.ClassLoaderFactory validateFile
WARNING: Problem with directory [/usr/share/tomcat7/shared/classes], exists: [false], isDirectory: [false], canRead: [false]
Oct 02, 2014 12:53:17 AM org.apache.catalina.startup.ClassLoaderFactory validateFile
WARNING: Problem with directory [/usr/share/tomcat7/shared], exists: [false], isDirectory: [false], canRead: [false]
Oct 02, 2014 12:53:18 AM org.apache.coyote.AbstractProtocol init
INFO: Initializing ProtocolHandler ["http-bio-8080"]
Oct 02, 2014 12:53:18 AM org.apache.catalina.startup.Catalina load
INFO: Initialization processed in 661 ms
Oct 02, 2014 12:53:18 AM org.apache.catalina.core.StandardService startInternal
INFO: Starting service Catalina
Oct 02, 2014 12:53:18 AM org.apache.catalina.core.StandardEngine startInternal
INFO: Starting Servlet Engine: Apache Tomcat/7.0.52 (Ubuntu)
Oct 02, 2014 12:53:18 AM org.apache.catalina.startup.HostConfig deployDirectory
INFO: Deploying web application directory /home/sanchit/Documents/RnD/networks-rnd/ServerHandler/webapps/ServerHandler
Oct 02, 2014 12:53:19 AM org.apache.coyote.AbstractProtocol start
INFO: Starting ProtocolHandler ["http-bio-8080"]
Oct 02, 2014 12:53:19 AM org.apache.catalina.startup.Catalina start
INFO: Server startup in 1109 ms
Oct 02, 2014 12:53:40 AM org.apache.catalina.core.StandardServer await
INFO: A valid shutdown command was received via the shutdown port. Stopping the Server instance.
Oct 02, 2014 12:53:40 AM org.apache.coyote.AbstractProtocol pause
INFO: Pausing ProtocolHandler ["http-bio-8080"]
Oct 02, 2014 12:53:40 AM org.apache.catalina.core.StandardService stopInternal
INFO: Stopping service Catalina
Oct 02, 2014 12:53:40 AM org.apache.coyote.AbstractProtocol stop
INFO: Stopping ProtocolHandler ["http-bio-8080"]
Oct 02, 2014 12:53:40 AM org.apache.coyote.AbstractProtocol destroy
INFO: Destroying ProtocolHandler ["http-bio-8080"]
Oct 02, 2014 12:53:40 AM org.apache.catalina.startup.ClassLoaderFactory validateFile
WARNING: Problem with directory [/usr/share/tomcat7/common/classes], exists: [false], isDirectory: [false], canRead: [false]
Oct 02, 2014 12:53:40 AM org.apache.catalina.startup.ClassLoaderFactory validateFile
WARNING: Problem with directory [/usr/share/tomcat7/common], exists: [false], isDirectory: [false], canRead: [false]
Oct 02, 2014 12:53:40 AM org.apache.catalina.startup.ClassLoaderFactory validateFile
WARNING: Problem with directory [/usr/share/tomcat7/server/classes], exists: [false], isDirectory: [false], canRead: [false]
Oct 02, 2014 12:53:40 AM org.apache.catalina.startup.ClassLoaderFactory validateFile
WARNING: Problem with directory [/usr/share/tomcat7/server], exists: [false], isDirectory: [false], canRead: [false]
Oct 02, 2014 12:53:40 AM org.apache.catalina.startup.ClassLoaderFactory validateFile
WARNING: Problem with directory [/usr/share/tomcat7/shared/classes], exists: [false], isDirectory: [false], canRead: [false]
Oct 02, 2014 12:53:40 AM org.apache.catalina.startup.ClassLoaderFactory validateFile
WARNING: Problem with directory [/usr/share/tomcat7/shared], exists: [false], isDirectory: [false], canRead: [false]
Oct 02, 2014 12:53:41 AM org.apache.coyote.AbstractProtocol init
INFO: Initializing ProtocolHandler ["http-bio-8080"]
Oct 02, 2014 12:53:41 AM org.apache.catalina.startup.Catalina load
INFO: Initialization processed in 698 ms
Oct 02, 2014 12:53:41 AM org.apache.catalina.core.StandardService startInternal
INFO: Starting service Catalina
Oct 02, 2014 12:53:41 AM org.apache.catalina.core.StandardEngine startInternal
INFO: Starting Servlet Engine: Apache Tomcat/7.0.52 (Ubuntu)
Oct 02, 2014 12:53:41 AM org.apache.catalina.startup.HostConfig deployDirectory
INFO: Deploying web application directory /home/sanchit/Documents/RnD/networks-rnd/ServerHandler/webapps/ServerHandler
Oct 02, 2014 12:53:42 AM org.apache.coyote.AbstractProtocol start
INFO: Starting ProtocolHandler ["http-bio-8080"]
Oct 02, 2014 12:53:42 AM org.apache.catalina.startup.Catalina start
INFO: Server startup in 1225 ms
Oct 02, 2014 12:54:05 AM org.apache.catalina.core.StandardServer await
INFO: A valid shutdown command was received via the shutdown port. Stopping the Server instance.
Oct 02, 2014 12:54:05 AM org.apache.coyote.AbstractProtocol pause
INFO: Pausing ProtocolHandler ["http-bio-8080"]
Oct 02, 2014 12:54:05 AM org.apache.catalina.core.StandardService stopInternal
INFO: Stopping service Catalina
Oct 02, 2014 12:54:05 AM org.apache.coyote.AbstractProtocol stop
INFO: Stopping ProtocolHandler ["http-bio-8080"]
Oct 02, 2014 12:54:05 AM org.apache.coyote.AbstractProtocol destroy
INFO: Destroying ProtocolHandler ["http-bio-8080"]
Oct 02, 2014 12:54:06 AM org.apache.catalina.startup.ClassLoaderFactory validateFile
WARNING: Problem with directory [/usr/share/tomcat7/common/classes], exists: [false], isDirectory: [false], canRead: [false]
Oct 02, 2014 12:54:06 AM org.apache.catalina.startup.ClassLoaderFactory validateFile
WARNING: Problem with directory [/usr/share/tomcat7/common], exists: [false], isDirectory: [false], canRead: [false]
Oct 02, 2014 12:54:06 AM org.apache.catalina.startup.ClassLoaderFactory validateFile
WARNING: Problem with directory [/usr/share/tomcat7/server/classes], exists: [false], isDirectory: [false], canRead: [false]
Oct 02, 2014 12:54:06 AM org.apache.catalina.startup.ClassLoaderFactory validateFile
WARNING: Problem with directory [/usr/share/tomcat7/server], exists: [false], isDirectory: [false], canRead: [false]
Oct 02, 2014 12:54:06 AM org.apache.catalina.startup.ClassLoaderFactory validateFile
WARNING: Problem with directory [/usr/share/tomcat7/shared/classes], exists: [false], isDirectory: [false], canRead: [false]
Oct 02, 2014 12:54:06 AM org.apache.catalina.startup.ClassLoaderFactory validateFile
WARNING: Problem with directory [/usr/share/tomcat7/shared], exists: [false], isDirectory: [false], canRead: [false]
Oct 02, 2014 12:54:07 AM org.apache.coyote.AbstractProtocol init
INFO: Initializing ProtocolHandler ["http-bio-8080"]
Oct 02, 2014 12:54:07 AM org.apache.catalina.startup.Catalina load
INFO: Initialization processed in 645 ms
Oct 02, 2014 12:54:07 AM org.apache.catalina.core.StandardService startInternal
INFO: Starting service Catalina
Oct 02, 2014 12:54:07 AM org.apache.catalina.core.StandardEngine startInternal
INFO: Starting Servlet Engine: Apache Tomcat/7.0.52 (Ubuntu)
Oct 02, 2014 12:54:07 AM org.apache.catalina.startup.HostConfig deployDirectory
INFO: Deploying web application directory /home/sanchit/Documents/RnD/networks-rnd/ServerHandler/webapps/ServerHandler
Oct 02, 2014 12:54:08 AM org.apache.coyote.AbstractProtocol start
INFO: Starting ProtocolHandler ["http-bio-8080"]
Oct 02, 2014 12:54:08 AM org.apache.catalina.startup.Catalina start
INFO: Server startup in 1152 ms
Oct 02, 2014 12:59:29 AM org.apache.catalina.core.StandardServer await
INFO: A valid shutdown command was received via the shutdown port. Stopping the Server instance.
Oct 02, 2014 12:59:29 AM org.apache.coyote.AbstractProtocol pause
INFO: Pausing ProtocolHandler ["http-bio-8080"]
Oct 02, 2014 12:59:29 AM org.apache.catalina.core.StandardService stopInternal
INFO: Stopping service Catalina
Oct 02, 2014 12:59:29 AM org.apache.coyote.AbstractProtocol stop
INFO: Stopping ProtocolHandler ["http-bio-8080"]
Oct 02, 2014 12:59:29 AM org.apache.coyote.AbstractProtocol destroy
INFO: Destroying ProtocolHandler ["http-bio-8080"]
Oct 02, 2014 12:59:30 AM org.apache.catalina.startup.ClassLoaderFactory validateFile
WARNING: Problem with directory [/usr/share/tomcat7/common/classes], exists: [false], isDirectory: [false], canRead: [false]
Oct 02, 2014 12:59:30 AM org.apache.catalina.startup.ClassLoaderFactory validateFile
WARNING: Problem with directory [/usr/share/tomcat7/common], exists: [false], isDirectory: [false], canRead: [false]
Oct 02, 2014 12:59:30 AM org.apache.catalina.startup.ClassLoaderFactory validateFile
WARNING: Problem with directory [/usr/share/tomcat7/server/classes], exists: [false], isDirectory: [false], canRead: [false]
Oct 02, 2014 12:59:30 AM org.apache.catalina.startup.ClassLoaderFactory validateFile
WARNING: Problem with directory [/usr/share/tomcat7/server], exists: [false], isDirectory: [false], canRead: [false]
Oct 02, 2014 12:59:30 AM org.apache.catalina.startup.ClassLoaderFactory validateFile
WARNING: Problem with directory [/usr/share/tomcat7/shared/classes], exists: [false], isDirectory: [false], canRead: [false]
Oct 02, 2014 12:59:30 AM org.apache.catalina.startup.ClassLoaderFactory validateFile
WARNING: Problem with directory [/usr/share/tomcat7/shared], exists: [false], isDirectory: [false], canRead: [false]
Oct 02, 2014 12:59:31 AM org.apache.coyote.AbstractProtocol init
INFO: Initializing ProtocolHandler ["http-bio-8080"]
Oct 02, 2014 12:59:31 AM org.apache.catalina.startup.Catalina load
INFO: Initialization processed in 621 ms
Oct 02, 2014 12:59:31 AM org.apache.catalina.core.StandardService startInternal
INFO: Starting service Catalina
Oct 02, 2014 12:59:31 AM org.apache.catalina.core.StandardEngine startInternal
INFO: Starting Servlet Engine: Apache Tomcat/7.0.52 (Ubuntu)
Oct 02, 2014 12:59:31 AM org.apache.catalina.startup.HostConfig deployDirectory
INFO: Deploying web application directory /home/sanchit/Documents/RnD/networks-rnd/ServerHandler/webapps/ServerHandler
Oct 02, 2014 12:59:32 AM org.apache.coyote.AbstractProtocol start
INFO: Starting ProtocolHandler ["http-bio-8080"]
Oct 02, 2014 12:59:32 AM org.apache.catalina.startup.Catalina start
INFO: Server startup in 1140 ms
Oct 02, 2014 1:06:15 AM org.apache.catalina.core.StandardServer await
INFO: A valid shutdown command was received via the shutdown port. Stopping the Server instance.
Oct 02, 2014 1:06:15 AM org.apache.coyote.AbstractProtocol pause
INFO: Pausing ProtocolHandler ["http-bio-8080"]
Oct 02, 2014 1:06:15 AM org.apache.catalina.core.StandardService stopInternal
INFO: Stopping service Catalina
Oct 02, 2014 1:06:15 AM org.apache.coyote.AbstractProtocol stop
INFO: Stopping ProtocolHandler ["http-bio-8080"]
Oct 02, 2014 1:06:15 AM org.apache.coyote.AbstractProtocol destroy
INFO: Destroying ProtocolHandler ["http-bio-8080"]
Oct 02, 2014 1:06:16 AM org.apache.catalina.startup.ClassLoaderFactory validateFile
WARNING: Problem with directory [/usr/share/tomcat7/common/classes], exists: [false], isDirectory: [false], canRead: [false]
Oct 02, 2014 1:06:16 AM org.apache.catalina.startup.ClassLoaderFactory validateFile
WARNING: Problem with directory [/usr/share/tomcat7/common], exists: [false], isDirectory: [false], canRead: [false]
Oct 02, 2014 1:06:16 AM org.apache.catalina.startup.ClassLoaderFactory validateFile
WARNING: Problem with directory [/usr/share/tomcat7/server/classes], exists: [false], isDirectory: [false], canRead: [false]
Oct 02, 2014 1:06:16 AM org.apache.catalina.startup.ClassLoaderFactory validateFile
WARNING: Problem with directory [/usr/share/tomcat7/server], exists: [false], isDirectory: [false], canRead: [false]
Oct 02, 2014 1:06:16 AM org.apache.catalina.startup.ClassLoaderFactory validateFile
WARNING: Problem with directory [/usr/share/tomcat7/shared/classes], exists: [false], isDirectory: [false], canRead: [false]
Oct 02, 2014 1:06:16 AM org.apache.catalina.startup.ClassLoaderFactory validateFile
WARNING: Problem with directory [/usr/share/tomcat7/shared], exists: [false], isDirectory: [false], canRead: [false]
Oct 02, 2014 1:06:16 AM org.apache.coyote.AbstractProtocol init
INFO: Initializing ProtocolHandler ["http-bio-8080"]
Oct 02, 2014 1:06:16 AM org.apache.catalina.startup.Catalina load
INFO: Initialization processed in 659 ms
Oct 02, 2014 1:06:16 AM org.apache.catalina.core.StandardService startInternal
INFO: Starting service Catalina
Oct 02, 2014 1:06:16 AM org.apache.catalina.core.StandardEngine startInternal
INFO: Starting Servlet Engine: Apache Tomcat/7.0.52 (Ubuntu)
Oct 02, 2014 1:06:16 AM org.apache.catalina.startup.HostConfig deployDirectory
INFO: Deploying web application directory /home/sanchit/Documents/RnD/networks-rnd/ServerHandler/webapps/ServerHandler
Oct 02, 2014 1:06:18 AM org.apache.coyote.AbstractProtocol start
INFO: Starting ProtocolHandler ["http-bio-8080"]
Oct 02, 2014 1:06:18 AM org.apache.catalina.startup.Catalina start
INFO: Server startup in 1210 ms
Oct 02, 2014 1:07:29 AM org.apache.catalina.core.StandardServer await
INFO: A valid shutdown command was received via the shutdown port. Stopping the Server instance.
Oct 02, 2014 1:07:29 AM org.apache.coyote.AbstractProtocol pause
INFO: Pausing ProtocolHandler ["http-bio-8080"]
Oct 02, 2014 1:07:29 AM org.apache.catalina.core.StandardService stopInternal
INFO: Stopping service Catalina
Oct 02, 2014 1:07:29 AM org.apache.coyote.AbstractProtocol stop
INFO: Stopping ProtocolHandler ["http-bio-8080"]
Oct 02, 2014 1:07:29 AM org.apache.coyote.AbstractProtocol destroy
INFO: Destroying ProtocolHandler ["http-bio-8080"]
Oct 02, 2014 1:07:30 AM org.apache.catalina.startup.ClassLoaderFactory validateFile
WARNING: Problem with directory [/usr/share/tomcat7/common/classes], exists: [false], isDirectory: [false], canRead: [false]
Oct 02, 2014 1:07:30 AM org.apache.catalina.startup.ClassLoaderFactory validateFile
WARNING: Problem with directory [/usr/share/tomcat7/common], exists: [false], isDirectory: [false], canRead: [false]
Oct 02, 2014 1:07:30 AM org.apache.catalina.startup.ClassLoaderFactory validateFile
WARNING: Problem with directory [/usr/share/tomcat7/server/classes], exists: [false], isDirectory: [false], canRead: [false]
Oct 02, 2014 1:07:30 AM org.apache.catalina.startup.ClassLoaderFactory validateFile
WARNING: Problem with directory [/usr/share/tomcat7/server], exists: [false], isDirectory: [false], canRead: [false]
Oct 02, 2014 1:07:30 AM org.apache.catalina.startup.ClassLoaderFactory validateFile
WARNING: Problem with directory [/usr/share/tomcat7/shared/classes], exists: [false], isDirectory: [false], canRead: [false]
Oct 02, 2014 1:07:30 AM org.apache.catalina.startup.ClassLoaderFactory validateFile
WARNING: Problem with directory [/usr/share/tomcat7/shared], exists: [false], isDirectory: [false], canRead: [false]
Oct 02, 2014 1:07:31 AM org.apache.coyote.AbstractProtocol init
INFO: Initializing ProtocolHandler ["http-bio-8080"]
Oct 02, 2014 1:07:31 AM org.apache.catalina.startup.Catalina load
INFO: Initialization processed in 697 ms
Oct 02, 2014 1:07:31 AM org.apache.catalina.core.StandardService startInternal
INFO: Starting service Catalina
Oct 02, 2014 1:07:31 AM org.apache.catalina.core.StandardEngine startInternal
INFO: Starting Servlet Engine: Apache Tomcat/7.0.52 (Ubuntu)
Oct 02, 2014 1:07:31 AM org.apache.catalina.startup.HostConfig deployDirectory
INFO: Deploying web application directory /home/sanchit/Documents/RnD/networks-rnd/ServerHandler/webapps/ServerHandler
Oct 02, 2014 1:07:32 AM org.apache.coyote.AbstractProtocol start
INFO: Starting ProtocolHandler ["http-bio-8080"]
Oct 02, 2014 1:07:32 AM org.apache.catalina.startup.Catalina start
INFO: Server startup in 1180 ms
Oct 02, 2014 1:08:58 AM org.apache.catalina.core.StandardServer await
INFO: A valid shutdown command was received via the shutdown port. Stopping the Server instance.
Oct 02, 2014 1:08:58 AM org.apache.coyote.AbstractProtocol pause
INFO: Pausing ProtocolHandler ["http-bio-8080"]
Oct 02, 2014 1:08:58 AM org.apache.catalina.core.StandardService stopInternal
INFO: Stopping service Catalina
Oct 02, 2014 1:08:58 AM org.apache.coyote.AbstractProtocol stop
INFO: Stopping ProtocolHandler ["http-bio-8080"]
Oct 02, 2014 1:08:58 AM org.apache.coyote.AbstractProtocol destroy
INFO: Destroying ProtocolHandler ["http-bio-8080"]
Oct 02, 2014 1:08:59 AM org.apache.catalina.startup.ClassLoaderFactory validateFile
WARNING: Problem with directory [/usr/share/tomcat7/common/classes], exists: [false], isDirectory: [false], canRead: [false]
Oct 02, 2014 1:08:59 AM org.apache.catalina.startup.ClassLoaderFactory validateFile
WARNING: Problem with directory [/usr/share/tomcat7/common], exists: [false], isDirectory: [false], canRead: [false]
Oct 02, 2014 1:08:59 AM org.apache.catalina.startup.ClassLoaderFactory validateFile
WARNING: Problem with directory [/usr/share/tomcat7/server/classes], exists: [false], isDirectory: [false], canRead: [false]
Oct 02, 2014 1:08:59 AM org.apache.catalina.startup.ClassLoaderFactory validateFile
WARNING: Problem with directory [/usr/share/tomcat7/server], exists: [false], isDirectory: [false], canRead: [false]
Oct 02, 2014 1:08:59 AM org.apache.catalina.startup.ClassLoaderFactory validateFile
WARNING: Problem with directory [/usr/share/tomcat7/shared/classes], exists: [false], isDirectory: [false], canRead: [false]
Oct 02, 2014 1:08:59 AM org.apache.catalina.startup.ClassLoaderFactory validateFile
WARNING: Problem with directory [/usr/share/tomcat7/shared], exists: [false], isDirectory: [false], canRead: [false]
Oct 02, 2014 1:09:00 AM org.apache.coyote.AbstractProtocol init
INFO: Initializing ProtocolHandler ["http-bio-8080"]
Oct 02, 2014 1:09:00 AM org.apache.catalina.startup.Catalina load
INFO: Initialization processed in 655 ms
Oct 02, 2014 1:09:00 AM org.apache.catalina.core.StandardService startInternal
INFO: Starting service Catalina
Oct 02, 2014 1:09:00 AM org.apache.catalina.core.StandardEngine startInternal
INFO: Starting Servlet Engine: Apache Tomcat/7.0.52 (Ubuntu)
Oct 02, 2014 1:09:00 AM org.apache.catalina.startup.HostConfig deployDirectory
INFO: Deploying web application directory /home/sanchit/Documents/RnD/networks-rnd/ServerHandler/webapps/ServerHandler
Oct 02, 2014 1:09:01 AM org.apache.coyote.AbstractProtocol start
INFO: Starting ProtocolHandler ["http-bio-8080"]
Oct 02, 2014 1:09:01 AM org.apache.catalina.startup.Catalina start
INFO: Server startup in 1171 ms
Oct 02, 2014 1:09:31 AM org.apache.catalina.core.StandardServer await
INFO: A valid shutdown command was received via the shutdown port. Stopping the Server instance.
Oct 02, 2014 1:09:31 AM org.apache.coyote.AbstractProtocol pause
INFO: Pausing ProtocolHandler ["http-bio-8080"]
Oct 02, 2014 1:09:31 AM org.apache.catalina.core.StandardService stopInternal
INFO: Stopping service Catalina
Oct 02, 2014 1:09:31 AM org.apache.coyote.AbstractProtocol stop
INFO: Stopping ProtocolHandler ["http-bio-8080"]
Oct 02, 2014 1:09:31 AM org.apache.coyote.AbstractProtocol destroy
INFO: Destroying ProtocolHandler ["http-bio-8080"]
Oct 02, 2014 1:09:32 AM org.apache.catalina.startup.ClassLoaderFactory validateFile
WARNING: Problem with directory [/usr/share/tomcat7/common/classes], exists: [false], isDirectory: [false], canRead: [false]
Oct 02, 2014 1:09:32 AM org.apache.catalina.startup.ClassLoaderFactory validateFile
WARNING: Problem with directory [/usr/share/tomcat7/common], exists: [false], isDirectory: [false], canRead: [false]
Oct 02, 2014 1:09:32 AM org.apache.catalina.startup.ClassLoaderFactory validateFile
WARNING: Problem with directory [/usr/share/tomcat7/server/classes], exists: [false], isDirectory: [false], canRead: [false]
Oct 02, 2014 1:09:32 AM org.apache.catalina.startup.ClassLoaderFactory validateFile
WARNING: Problem with directory [/usr/share/tomcat7/server], exists: [false], isDirectory: [false], canRead: [false]
Oct 02, 2014 1:09:32 AM org.apache.catalina.startup.ClassLoaderFactory validateFile
WARNING: Problem with directory [/usr/share/tomcat7/shared/classes], exists: [false], isDirectory: [false], canRead: [false]
Oct 02, 2014 1:09:32 AM org.apache.catalina.startup.ClassLoaderFactory validateFile
WARNING: Problem with directory [/usr/share/tomcat7/shared], exists: [false], isDirectory: [false], canRead: [false]
Oct 02, 2014 1:09:32 AM org.apache.coyote.AbstractProtocol init
INFO: Initializing ProtocolHandler ["http-bio-8080"]
Oct 02, 2014 1:09:32 AM org.apache.catalina.startup.Catalina load
INFO: Initialization processed in 714 ms
Oct 02, 2014 1:09:32 AM org.apache.catalina.core.StandardService startInternal
INFO: Starting service Catalina
Oct 02, 2014 1:09:32 AM org.apache.catalina.core.StandardEngine startInternal
INFO: Starting Servlet Engine: Apache Tomcat/7.0.52 (Ubuntu)
Oct 02, 2014 1:09:32 AM org.apache.catalina.startup.HostConfig deployDirectory
INFO: Deploying web application directory /home/sanchit/Documents/RnD/networks-rnd/ServerHandler/webapps/ServerHandler
Oct 02, 2014 1:09:33 AM org.apache.coyote.AbstractProtocol start
INFO: Starting ProtocolHandler ["http-bio-8080"]
Oct 02, 2014 1:09:34 AM org.apache.catalina.startup.Catalina start
INFO: Server startup in 1092 ms
Oct 02, 2014 1:11:33 AM org.apache.catalina.core.StandardServer await
INFO: A valid shutdown command was received via the shutdown port. Stopping the Server instance.
Oct 02, 2014 1:11:33 AM org.apache.coyote.AbstractProtocol pause
INFO: Pausing ProtocolHandler ["http-bio-8080"]
Oct 02, 2014 1:11:33 AM org.apache.catalina.core.StandardService stopInternal
INFO: Stopping service Catalina
Oct 02, 2014 1:11:33 AM org.apache.coyote.AbstractProtocol stop
INFO: Stopping ProtocolHandler ["http-bio-8080"]
Oct 02, 2014 1:11:33 AM org.apache.coyote.AbstractProtocol destroy
INFO: Destroying ProtocolHandler ["http-bio-8080"]
Oct 02, 2014 1:11:34 AM org.apache.catalina.startup.ClassLoaderFactory validateFile
WARNING: Problem with directory [/usr/share/tomcat7/common/classes], exists: [false], isDirectory: [false], canRead: [false]
Oct 02, 2014 1:11:34 AM org.apache.catalina.startup.ClassLoaderFactory validateFile
WARNING: Problem with directory [/usr/share/tomcat7/common], exists: [false], isDirectory: [false], canRead: [false]
Oct 02, 2014 1:11:34 AM org.apache.catalina.startup.ClassLoaderFactory validateFile
WARNING: Problem with directory [/usr/share/tomcat7/server/classes], exists: [false], isDirectory: [false], canRead: [false]
Oct 02, 2014 1:11:34 AM org.apache.catalina.startup.ClassLoaderFactory validateFile
WARNING: Problem with directory [/usr/share/tomcat7/server], exists: [false], isDirectory: [false], canRead: [false]
Oct 02, 2014 1:11:34 AM org.apache.catalina.startup.ClassLoaderFactory validateFile
WARNING: Problem with directory [/usr/share/tomcat7/shared/classes], exists: [false], isDirectory: [false], canRead: [false]
Oct 02, 2014 1:11:34 AM org.apache.catalina.startup.ClassLoaderFactory validateFile
WARNING: Problem with directory [/usr/share/tomcat7/shared], exists: [false], isDirectory: [false], canRead: [false]
Oct 02, 2014 1:11:35 AM org.apache.coyote.AbstractProtocol init
INFO: Initializing ProtocolHandler ["http-bio-8080"]
Oct 02, 2014 1:11:35 AM org.apache.catalina.startup.Catalina load
INFO: Initialization processed in 641 ms
Oct 02, 2014 1:11:35 AM org.apache.catalina.core.StandardService startInternal
INFO: Starting service Catalina
Oct 02, 2014 1:11:35 AM org.apache.catalina.core.StandardEngine startInternal
INFO: Starting Servlet Engine: Apache Tomcat/7.0.52 (Ubuntu)
Oct 02, 2014 1:11:35 AM org.apache.catalina.startup.HostConfig deployDirectory
INFO: Deploying web application directory /home/sanchit/Documents/RnD/networks-rnd/ServerHandler/webapps/ServerHandler
Oct 02, 2014 1:11:36 AM org.apache.coyote.AbstractProtocol start
INFO: Starting ProtocolHandler ["http-bio-8080"]
Oct 02, 2014 1:11:36 AM org.apache.catalina.startup.Catalina start
INFO: Server startup in 1227 ms
Oct 02, 2014 1:11:47 AM org.apache.catalina.core.StandardServer await
INFO: A valid shutdown command was received via the shutdown port. Stopping the Server instance.
Oct 02, 2014 1:11:47 AM org.apache.coyote.AbstractProtocol pause
INFO: Pausing ProtocolHandler ["http-bio-8080"]
Oct 02, 2014 1:11:47 AM org.apache.catalina.core.StandardService stopInternal
INFO: Stopping service Catalina
Oct 02, 2014 1:11:48 AM org.apache.coyote.AbstractProtocol stop
INFO: Stopping ProtocolHandler ["http-bio-8080"]
Oct 02, 2014 1:11:48 AM org.apache.coyote.AbstractProtocol destroy
INFO: Destroying ProtocolHandler ["http-bio-8080"]
Oct 02, 2014 1:11:49 AM org.apache.catalina.startup.ClassLoaderFactory validateFile
WARNING: Problem with directory [/usr/share/tomcat7/common/classes], exists: [false], isDirectory: [false], canRead: [false]
Oct 02, 2014 1:11:49 AM org.apache.catalina.startup.ClassLoaderFactory validateFile
WARNING: Problem with directory [/usr/share/tomcat7/common], exists: [false], isDirectory: [false], canRead: [false]
Oct 02, 2014 1:11:49 AM org.apache.catalina.startup.ClassLoaderFactory validateFile
WARNING: Problem with directory [/usr/share/tomcat7/server/classes], exists: [false], isDirectory: [false], canRead: [false]
Oct 02, 2014 1:11:49 AM org.apache.catalina.startup.ClassLoaderFactory validateFile
WARNING: Problem with directory [/usr/share/tomcat7/server], exists: [false], isDirectory: [false], canRead: [false]
Oct 02, 2014 1:11:49 AM org.apache.catalina.startup.ClassLoaderFactory validateFile
WARNING: Problem with directory [/usr/share/tomcat7/shared/classes], exists: [false], isDirectory: [false], canRead: [false]
Oct 02, 2014 1:11:49 AM org.apache.catalina.startup.ClassLoaderFactory validateFile
WARNING: Problem with directory [/usr/share/tomcat7/shared], exists: [false], isDirectory: [false], canRead: [false]
Oct 02, 2014 1:11:50 AM org.apache.coyote.AbstractProtocol init
INFO: Initializing ProtocolHandler ["http-bio-8080"]
Oct 02, 2014 1:11:50 AM org.apache.catalina.startup.Catalina load
INFO: Initialization processed in 726 ms
Oct 02, 2014 1:11:50 AM org.apache.catalina.core.StandardService startInternal
INFO: Starting service Catalina
Oct 02, 2014 1:11:50 AM org.apache.catalina.core.StandardEngine startInternal
INFO: Starting Servlet Engine: Apache Tomcat/7.0.52 (Ubuntu)
Oct 02, 2014 1:11:50 AM org.apache.catalina.startup.HostConfig deployDirectory
INFO: Deploying web application directory /home/sanchit/Documents/RnD/networks-rnd/ServerHandler/webapps/ServerHandler
Oct 02, 2014 1:11:51 AM org.apache.coyote.AbstractProtocol start
INFO: Starting ProtocolHandler ["http-bio-8080"]
Oct 02, 2014 1:11:51 AM org.apache.catalina.startup.Catalina start
INFO: Server startup in 1214 ms
Oct 02, 2014 1:14:02 AM org.apache.catalina.core.StandardServer await
INFO: A valid shutdown command was received via the shutdown port. Stopping the Server instance.
Oct 02, 2014 1:14:02 AM org.apache.coyote.AbstractProtocol pause
INFO: Pausing ProtocolHandler ["http-bio-8080"]
Oct 02, 2014 1:14:02 AM org.apache.catalina.core.StandardService stopInternal
INFO: Stopping service Catalina
Oct 02, 2014 1:14:02 AM org.apache.coyote.AbstractProtocol stop
INFO: Stopping ProtocolHandler ["http-bio-8080"]
Oct 02, 2014 1:14:02 AM org.apache.coyote.AbstractProtocol destroy
INFO: Destroying ProtocolHandler ["http-bio-8080"]
Oct 02, 2014 1:14:03 AM org.apache.catalina.startup.ClassLoaderFactory validateFile
WARNING: Problem with directory [/usr/share/tomcat7/common/classes], exists: [false], isDirectory: [false], canRead: [false]
Oct 02, 2014 1:14:03 AM org.apache.catalina.startup.ClassLoaderFactory validateFile
WARNING: Problem with directory [/usr/share/tomcat7/common], exists: [false], isDirectory: [false], canRead: [false]
Oct 02, 2014 1:14:03 AM org.apache.catalina.startup.ClassLoaderFactory validateFile
WARNING: Problem with directory [/usr/share/tomcat7/server/classes], exists: [false], isDirectory: [false], canRead: [false]
Oct 02, 2014 1:14:03 AM org.apache.catalina.startup.ClassLoaderFactory validateFile
WARNING: Problem with directory [/usr/share/tomcat7/server], exists: [false], isDirectory: [false], canRead: [false]
Oct 02, 2014 1:14:03 AM org.apache.catalina.startup.ClassLoaderFactory validateFile
WARNING: Problem with directory [/usr/share/tomcat7/shared/classes], exists: [false], isDirectory: [false], canRead: [false]
Oct 02, 2014 1:14:03 AM org.apache.catalina.startup.ClassLoaderFactory validateFile
WARNING: Problem with directory [/usr/share/tomcat7/shared], exists: [false], isDirectory: [false], canRead: [false]
Oct 02, 2014 1:14:04 AM org.apache.coyote.AbstractProtocol init
INFO: Initializing ProtocolHandler ["http-bio-8080"]
Oct 02, 2014 1:14:04 AM org.apache.catalina.startup.Catalina load
INFO: Initialization processed in 643 ms
Oct 02, 2014 1:14:04 AM org.apache.catalina.core.StandardService startInternal
INFO: Starting service Catalina
Oct 02, 2014 1:14:04 AM org.apache.catalina.core.StandardEngine startInternal
INFO: Starting Servlet Engine: Apache Tomcat/7.0.52 (Ubuntu)
Oct 02, 2014 1:14:04 AM org.apache.catalina.startup.HostConfig deployDirectory
INFO: Deploying web application directory /home/sanchit/Documents/RnD/networks-rnd/ServerHandler/webapps/ServerHandler
Oct 02, 2014 1:14:05 AM org.apache.coyote.AbstractProtocol start
INFO: Starting ProtocolHandler ["http-bio-8080"]
Oct 02, 2014 1:14:05 AM org.apache.catalina.startup.Catalina start
INFO: Server startup in 1173 ms
Oct 02, 2014 1:16:23 AM org.apache.catalina.core.StandardServer await
INFO: A valid shutdown command was received via the shutdown port. Stopping the Server instance.
Oct 02, 2014 1:16:23 AM org.apache.coyote.AbstractProtocol pause
INFO: Pausing ProtocolHandler ["http-bio-8080"]
Oct 02, 2014 1:16:23 AM org.apache.catalina.core.StandardService stopInternal
INFO: Stopping service Catalina
Oct 02, 2014 1:16:23 AM org.apache.coyote.AbstractProtocol stop
INFO: Stopping ProtocolHandler ["http-bio-8080"]
Oct 02, 2014 1:16:23 AM org.apache.coyote.AbstractProtocol destroy
INFO: Destroying ProtocolHandler ["http-bio-8080"]
Oct 02, 2014 1:16:24 AM org.apache.catalina.startup.ClassLoaderFactory validateFile
WARNING: Problem with directory [/usr/share/tomcat7/common/classes], exists: [false], isDirectory: [false], canRead: [false]
Oct 02, 2014 1:16:24 AM org.apache.catalina.startup.ClassLoaderFactory validateFile
WARNING: Problem with directory [/usr/share/tomcat7/common], exists: [false], isDirectory: [false], canRead: [false]
Oct 02, 2014 1:16:24 AM org.apache.catalina.startup.ClassLoaderFactory validateFile
WARNING: Problem with directory [/usr/share/tomcat7/server/classes], exists: [false], isDirectory: [false], canRead: [false]
Oct 02, 2014 1:16:24 AM org.apache.catalina.startup.ClassLoaderFactory validateFile
WARNING: Problem with directory [/usr/share/tomcat7/server], exists: [false], isDirectory: [false], canRead: [false]
Oct 02, 2014 1:16:24 AM org.apache.catalina.startup.ClassLoaderFactory validateFile
WARNING: Problem with directory [/usr/share/tomcat7/shared/classes], exists: [false], isDirectory: [false], canRead: [false]
Oct 02, 2014 1:16:24 AM org.apache.catalina.startup.ClassLoaderFactory validateFile
WARNING: Problem with directory [/usr/share/tomcat7/shared], exists: [false], isDirectory: [false], canRead: [false]
Oct 02, 2014 1:16:25 AM org.apache.coyote.AbstractProtocol init
INFO: Initializing ProtocolHandler ["http-bio-8080"]
Oct 02, 2014 1:16:25 AM org.apache.catalina.startup.Catalina load
INFO: Initialization processed in 650 ms
Oct 02, 2014 1:16:25 AM org.apache.catalina.core.StandardService startInternal
INFO: Starting service Catalina
Oct 02, 2014 1:16:25 AM org.apache.catalina.core.StandardEngine startInternal
INFO: Starting Servlet Engine: Apache Tomcat/7.0.52 (Ubuntu)
Oct 02, 2014 1:16:25 AM org.apache.catalina.startup.HostConfig deployDirectory
INFO: Deploying web application directory /home/sanchit/Documents/RnD/networks-rnd/ServerHandler/webapps/ServerHandler
Oct 02, 2014 1:16:26 AM org.apache.coyote.AbstractProtocol start
INFO: Starting ProtocolHandler ["http-bio-8080"]
Oct 02, 2014 1:16:26 AM org.apache.catalina.startup.Catalina start
INFO: Server startup in 1143 ms
Oct 02, 2014 1:17:30 AM org.apache.catalina.core.StandardServer await
INFO: A valid shutdown command was received via the shutdown port. Stopping the Server instance.
Oct 02, 2014 1:17:30 AM org.apache.coyote.AbstractProtocol pause
INFO: Pausing ProtocolHandler ["http-bio-8080"]
Oct 02, 2014 1:17:30 AM org.apache.catalina.core.StandardService stopInternal
INFO: Stopping service Catalina
Oct 02, 2014 1:17:30 AM org.apache.coyote.AbstractProtocol stop
INFO: Stopping ProtocolHandler ["http-bio-8080"]
Oct 02, 2014 1:17:30 AM org.apache.coyote.AbstractProtocol destroy
INFO: Destroying ProtocolHandler ["http-bio-8080"]
Oct 02, 2014 1:17:31 AM org.apache.catalina.startup.ClassLoaderFactory validateFile
WARNING: Problem with directory [/usr/share/tomcat7/common/classes], exists: [false], isDirectory: [false], canRead: [false]
Oct 02, 2014 1:17:31 AM org.apache.catalina.startup.ClassLoaderFactory validateFile
WARNING: Problem with directory [/usr/share/tomcat7/common], exists: [false], isDirectory: [false], canRead: [false]
Oct 02, 2014 1:17:31 AM org.apache.catalina.startup.ClassLoaderFactory validateFile
WARNING: Problem with directory [/usr/share/tomcat7/server/classes], exists: [false], isDirectory: [false], canRead: [false]
Oct 02, 2014 1:17:31 AM org.apache.catalina.startup.ClassLoaderFactory validateFile
WARNING: Problem with directory [/usr/share/tomcat7/server], exists: [false], isDirectory: [false], canRead: [false]
Oct 02, 2014 1:17:31 AM org.apache.catalina.startup.ClassLoaderFactory validateFile
WARNING: Problem with directory [/usr/share/tomcat7/shared/classes], exists: [false], isDirectory: [false], canRead: [false]
Oct 02, 2014 1:17:31 AM org.apache.catalina.startup.ClassLoaderFactory validateFile
WARNING: Problem with directory [/usr/share/tomcat7/shared], exists: [false], isDirectory: [false], canRead: [false]
Oct 02, 2014 1:17:32 AM org.apache.coyote.AbstractProtocol init
INFO: Initializing ProtocolHandler ["http-bio-8080"]
Oct 02, 2014 1:17:32 AM org.apache.catalina.startup.Catalina load
INFO: Initialization processed in 641 ms
Oct 02, 2014 1:17:32 AM org.apache.catalina.core.StandardService startInternal
INFO: Starting service Catalina
Oct 02, 2014 1:17:32 AM org.apache.catalina.core.StandardEngine startInternal
INFO: Starting Servlet Engine: Apache Tomcat/7.0.52 (Ubuntu)
Oct 02, 2014 1:17:32 AM org.apache.catalina.startup.HostConfig deployDirectory
INFO: Deploying web application directory /home/sanchit/Documents/RnD/networks-rnd/ServerHandler/webapps/ServerHandler
Oct 02, 2014 1:17:33 AM org.apache.coyote.AbstractProtocol start
INFO: Starting ProtocolHandler ["http-bio-8080"]
Oct 02, 2014 1:17:33 AM org.apache.catalina.startup.Catalina start
INFO: Server startup in 1148 ms
Oct 02, 2014 1:18:24 AM org.apache.catalina.core.StandardServer await
INFO: A valid shutdown command was received via the shutdown port. Stopping the Server instance.
Oct 02, 2014 1:18:24 AM org.apache.coyote.AbstractProtocol pause
INFO: Pausing ProtocolHandler ["http-bio-8080"]
Oct 02, 2014 1:18:24 AM org.apache.catalina.core.StandardService stopInternal
INFO: Stopping service Catalina
Oct 02, 2014 1:18:24 AM org.apache.coyote.AbstractProtocol stop
INFO: Stopping ProtocolHandler ["http-bio-8080"]
Oct 02, 2014 1:18:24 AM org.apache.coyote.AbstractProtocol destroy
INFO: Destroying ProtocolHandler ["http-bio-8080"]
Oct 02, 2014 1:18:25 AM org.apache.catalina.startup.ClassLoaderFactory validateFile
WARNING: Problem with directory [/usr/share/tomcat7/common/classes], exists: [false], isDirectory: [false], canRead: [false]
Oct 02, 2014 1:18:25 AM org.apache.catalina.startup.ClassLoaderFactory validateFile
WARNING: Problem with directory [/usr/share/tomcat7/common], exists: [false], isDirectory: [false], canRead: [false]
Oct 02, 2014 1:18:25 AM org.apache.catalina.startup.ClassLoaderFactory validateFile
WARNING: Problem with directory [/usr/share/tomcat7/server/classes], exists: [false], isDirectory: [false], canRead: [false]
Oct 02, 2014 1:18:25 AM org.apache.catalina.startup.ClassLoaderFactory validateFile
WARNING: Problem with directory [/usr/share/tomcat7/server], exists: [false], isDirectory: [false], canRead: [false]
Oct 02, 2014 1:18:25 AM org.apache.catalina.startup.ClassLoaderFactory validateFile
WARNING: Problem with directory [/usr/share/tomcat7/shared/classes], exists: [false], isDirectory: [false], canRead: [false]
Oct 02, 2014 1:18:25 AM org.apache.catalina.startup.ClassLoaderFactory validateFile
WARNING: Problem with directory [/usr/share/tomcat7/shared], exists: [false], isDirectory: [false], canRead: [false]
Oct 02, 2014 1:18:25 AM org.apache.coyote.AbstractProtocol init
INFO: Initializing ProtocolHandler ["http-bio-8080"]
Oct 02, 2014 1:18:25 AM org.apache.catalina.startup.Catalina load
INFO: Initialization processed in 696 ms
Oct 02, 2014 1:18:25 AM org.apache.catalina.core.StandardService startInternal
INFO: Starting service Catalina
Oct 02, 2014 1:18:25 AM org.apache.catalina.core.StandardEngine startInternal
INFO: Starting Servlet Engine: Apache Tomcat/7.0.52 (Ubuntu)
Oct 02, 2014 1:18:25 AM org.apache.catalina.startup.HostConfig deployDirectory
INFO: Deploying web application directory /home/sanchit/Documents/RnD/networks-rnd/ServerHandler/webapps/ServerHandler
Oct 02, 2014 1:18:27 AM org.apache.coyote.AbstractProtocol start
INFO: Starting ProtocolHandler ["http-bio-8080"]
Oct 02, 2014 1:18:27 AM org.apache.catalina.startup.Catalina start
INFO: Server startup in 1223 ms
Oct 02, 2014 1:18:59 AM org.apache.catalina.core.StandardServer await
INFO: A valid shutdown command was received via the shutdown port. Stopping the Server instance.
Oct 02, 2014 1:18:59 AM org.apache.coyote.AbstractProtocol pause
INFO: Pausing ProtocolHandler ["http-bio-8080"]
Oct 02, 2014 1:18:59 AM org.apache.catalina.core.StandardService stopInternal
INFO: Stopping service Catalina
Oct 02, 2014 1:18:59 AM org.apache.coyote.AbstractProtocol stop
INFO: Stopping ProtocolHandler ["http-bio-8080"]
Oct 02, 2014 1:18:59 AM org.apache.coyote.AbstractProtocol destroy
INFO: Destroying ProtocolHandler ["http-bio-8080"]
Oct 02, 2014 1:19:00 AM org.apache.catalina.startup.ClassLoaderFactory validateFile
WARNING: Problem with directory [/usr/share/tomcat7/common/classes], exists: [false], isDirectory: [false], canRead: [false]
Oct 02, 2014 1:19:00 AM org.apache.catalina.startup.ClassLoaderFactory validateFile
WARNING: Problem with directory [/usr/share/tomcat7/common], exists: [false], isDirectory: [false], canRead: [false]
Oct 02, 2014 1:19:00 AM org.apache.catalina.startup.ClassLoaderFactory validateFile
WARNING: Problem with directory [/usr/share/tomcat7/server/classes], exists: [false], isDirectory: [false], canRead: [false]
Oct 02, 2014 1:19:00 AM org.apache.catalina.startup.ClassLoaderFactory validateFile
WARNING: Problem with directory [/usr/share/tomcat7/server], exists: [false], isDirectory: [false], canRead: [false]
Oct 02, 2014 1:19:00 AM org.apache.catalina.startup.ClassLoaderFactory validateFile
WARNING: Problem with directory [/usr/share/tomcat7/shared/classes], exists: [false], isDirectory: [false], canRead: [false]
Oct 02, 2014 1:19:00 AM org.apache.catalina.startup.ClassLoaderFactory validateFile
WARNING: Problem with directory [/usr/share/tomcat7/shared], exists: [false], isDirectory: [false], canRead: [false]
Oct 02, 2014 1:19:01 AM org.apache.coyote.AbstractProtocol init
INFO: Initializing ProtocolHandler ["http-bio-8080"]
Oct 02, 2014 1:19:01 AM org.apache.catalina.startup.Catalina load
INFO: Initialization processed in 632 ms
Oct 02, 2014 1:19:01 AM org.apache.catalina.core.StandardService startInternal
INFO: Starting service Catalina
Oct 02, 2014 1:19:01 AM org.apache.catalina.core.StandardEngine startInternal
INFO: Starting Servlet Engine: Apache Tomcat/7.0.52 (Ubuntu)
Oct 02, 2014 1:19:01 AM org.apache.catalina.startup.HostConfig deployDirectory
INFO: Deploying web application directory /home/sanchit/Documents/RnD/networks-rnd/ServerHandler/webapps/ServerHandler
Oct 02, 2014 1:19:02 AM org.apache.coyote.AbstractProtocol start
INFO: Starting ProtocolHandler ["http-bio-8080"]
Oct 02, 2014 1:19:02 AM org.apache.catalina.startup.Catalina start
INFO: Server startup in 1305 ms
Oct 02, 2014 1:19:50 AM org.apache.catalina.core.StandardServer await
INFO: A valid shutdown command was received via the shutdown port. Stopping the Server instance.
Oct 02, 2014 1:19:50 AM org.apache.coyote.AbstractProtocol pause
INFO: Pausing ProtocolHandler ["http-bio-8080"]
Oct 02, 2014 1:19:50 AM org.apache.catalina.core.StandardService stopInternal
INFO: Stopping service Catalina
Oct 02, 2014 1:19:50 AM org.apache.coyote.AbstractProtocol stop
INFO: Stopping ProtocolHandler ["http-bio-8080"]
Oct 02, 2014 1:19:50 AM org.apache.coyote.AbstractProtocol destroy
INFO: Destroying ProtocolHandler ["http-bio-8080"]
Oct 02, 2014 1:19:51 AM org.apache.catalina.startup.ClassLoaderFactory validateFile
WARNING: Problem with directory [/usr/share/tomcat7/common/classes], exists: [false], isDirectory: [false], canRead: [false]
Oct 02, 2014 1:19:51 AM org.apache.catalina.startup.ClassLoaderFactory validateFile
WARNING: Problem with directory [/usr/share/tomcat7/common], exists: [false], isDirectory: [false], canRead: [false]
Oct 02, 2014 1:19:51 AM org.apache.catalina.startup.ClassLoaderFactory validateFile
WARNING: Problem with directory [/usr/share/tomcat7/server/classes], exists: [false], isDirectory: [false], canRead: [false]
Oct 02, 2014 1:19:51 AM org.apache.catalina.startup.ClassLoaderFactory validateFile
WARNING: Problem with directory [/usr/share/tomcat7/server], exists: [false], isDirectory: [false], canRead: [false]
Oct 02, 2014 1:19:51 AM org.apache.catalina.startup.ClassLoaderFactory validateFile
WARNING: Problem with directory [/usr/share/tomcat7/shared/classes], exists: [false], isDirectory: [false], canRead: [false]
Oct 02, 2014 1:19:51 AM org.apache.catalina.startup.ClassLoaderFactory validateFile
WARNING: Problem with directory [/usr/share/tomcat7/shared], exists: [false], isDirectory: [false], canRead: [false]
Oct 02, 2014 1:19:52 AM org.apache.coyote.AbstractProtocol init
INFO: Initializing ProtocolHandler ["http-bio-8080"]
Oct 02, 2014 1:19:52 AM org.apache.catalina.startup.Catalina load
INFO: Initialization processed in 666 ms
Oct 02, 2014 1:19:52 AM org.apache.catalina.core.StandardService startInternal
INFO: Starting service Catalina
Oct 02, 2014 1:19:52 AM org.apache.catalina.core.StandardEngine startInternal
INFO: Starting Servlet Engine: Apache Tomcat/7.0.52 (Ubuntu)
Oct 02, 2014 1:19:52 AM org.apache.catalina.startup.HostConfig deployDirectory
INFO: Deploying web application directory /home/sanchit/Documents/RnD/networks-rnd/ServerHandler/webapps/ServerHandler
Oct 02, 2014 1:19:53 AM org.apache.coyote.AbstractProtocol start
INFO: Starting ProtocolHandler ["http-bio-8080"]
Oct 02, 2014 1:19:53 AM org.apache.catalina.startup.Catalina start
INFO: Server startup in 1145 ms
Oct 02, 2014 1:20:35 AM org.apache.catalina.core.StandardServer await
INFO: A valid shutdown command was received via the shutdown port. Stopping the Server instance.
Oct 02, 2014 1:20:35 AM org.apache.coyote.AbstractProtocol pause
INFO: Pausing ProtocolHandler ["http-bio-8080"]
Oct 02, 2014 1:20:35 AM org.apache.catalina.core.StandardService stopInternal
INFO: Stopping service Catalina
Oct 02, 2014 1:20:35 AM org.apache.coyote.AbstractProtocol stop
INFO: Stopping ProtocolHandler ["http-bio-8080"]
Oct 02, 2014 1:20:35 AM org.apache.coyote.AbstractProtocol destroy
INFO: Destroying ProtocolHandler ["http-bio-8080"]
Oct 02, 2014 1:20:35 AM org.apache.catalina.startup.ClassLoaderFactory validateFile
WARNING: Problem with directory [/usr/share/tomcat7/common/classes], exists: [false], isDirectory: [false], canRead: [false]
Oct 02, 2014 1:20:35 AM org.apache.catalina.startup.ClassLoaderFactory validateFile
WARNING: Problem with directory [/usr/share/tomcat7/common], exists: [false], isDirectory: [false], canRead: [false]
Oct 02, 2014 1:20:36 AM org.apache.catalina.startup.ClassLoaderFactory validateFile
WARNING: Problem with directory [/usr/share/tomcat7/server/classes], exists: [false], isDirectory: [false], canRead: [false]
Oct 02, 2014 1:20:36 AM org.apache.catalina.startup.ClassLoaderFactory validateFile
WARNING: Problem with directory [/usr/share/tomcat7/server], exists: [false], isDirectory: [false], canRead: [false]
Oct 02, 2014 1:20:36 AM org.apache.catalina.startup.ClassLoaderFactory validateFile
WARNING: Problem with directory [/usr/share/tomcat7/shared/classes], exists: [false], isDirectory: [false], canRead: [false]
Oct 02, 2014 1:20:36 AM org.apache.catalina.startup.ClassLoaderFactory validateFile
WARNING: Problem with directory [/usr/share/tomcat7/shared], exists: [false], isDirectory: [false], canRead: [false]
Oct 02, 2014 1:20:36 AM org.apache.coyote.AbstractProtocol init
INFO: Initializing ProtocolHandler ["http-bio-8080"]
Oct 02, 2014 1:20:36 AM org.apache.catalina.startup.Catalina load
INFO: Initialization processed in 745 ms
Oct 02, 2014 1:20:36 AM org.apache.catalina.core.StandardService startInternal
INFO: Starting service Catalina
Oct 02, 2014 1:20:36 AM org.apache.catalina.core.StandardEngine startInternal
INFO: Starting Servlet Engine: Apache Tomcat/7.0.52 (Ubuntu)
Oct 02, 2014 1:20:36 AM org.apache.catalina.startup.HostConfig deployDirectory
INFO: Deploying web application directory /home/sanchit/Documents/RnD/networks-rnd/ServerHandler/webapps/ServerHandler
Oct 02, 2014 1:20:38 AM org.apache.coyote.AbstractProtocol start
INFO: Starting ProtocolHandler ["http-bio-8080"]
Oct 02, 2014 1:20:38 AM org.apache.catalina.startup.Catalina start
INFO: Server startup in 1184 ms
Oct 02, 2014 1:21:07 AM org.apache.catalina.core.StandardServer await
INFO: A valid shutdown command was received via the shutdown port. Stopping the Server instance.
Oct 02, 2014 1:21:07 AM org.apache.coyote.AbstractProtocol pause
INFO: Pausing ProtocolHandler ["http-bio-8080"]
Oct 02, 2014 1:21:07 AM org.apache.catalina.core.StandardService stopInternal
INFO: Stopping service Catalina
Oct 02, 2014 1:21:07 AM org.apache.coyote.AbstractProtocol stop
INFO: Stopping ProtocolHandler ["http-bio-8080"]
Oct 02, 2014 1:21:07 AM org.apache.coyote.AbstractProtocol destroy
INFO: Destroying ProtocolHandler ["http-bio-8080"]
Oct 02, 2014 1:21:07 AM org.apache.catalina.startup.ClassLoaderFactory validateFile
WARNING: Problem with directory [/usr/share/tomcat7/common/classes], exists: [false], isDirectory: [false], canRead: [false]
Oct 02, 2014 1:21:07 AM org.apache.catalina.startup.ClassLoaderFactory validateFile
WARNING: Problem with directory [/usr/share/tomcat7/common], exists: [false], isDirectory: [false], canRead: [false]
Oct 02, 2014 1:21:07 AM org.apache.catalina.startup.ClassLoaderFactory validateFile
WARNING: Problem with directory [/usr/share/tomcat7/server/classes], exists: [false], isDirectory: [false], canRead: [false]
Oct 02, 2014 1:21:07 AM org.apache.catalina.startup.ClassLoaderFactory validateFile
WARNING: Problem with directory [/usr/share/tomcat7/server], exists: [false], isDirectory: [false], canRead: [false]
Oct 02, 2014 1:21:07 AM org.apache.catalina.startup.ClassLoaderFactory validateFile
WARNING: Problem with directory [/usr/share/tomcat7/shared/classes], exists: [false], isDirectory: [false], canRead: [false]
Oct 02, 2014 1:21:07 AM org.apache.catalina.startup.ClassLoaderFactory validateFile
WARNING: Problem with directory [/usr/share/tomcat7/shared], exists: [false], isDirectory: [false], canRead: [false]
Oct 02, 2014 1:21:08 AM org.apache.coyote.AbstractProtocol init
INFO: Initializing ProtocolHandler ["http-bio-8080"]
Oct 02, 2014 1:21:08 AM org.apache.catalina.startup.Catalina load
INFO: Initialization processed in 708 ms
Oct 02, 2014 1:21:08 AM org.apache.catalina.core.StandardService startInternal
INFO: Starting service Catalina
Oct 02, 2014 1:21:08 AM org.apache.catalina.core.StandardEngine startInternal
INFO: Starting Servlet Engine: Apache Tomcat/7.0.52 (Ubuntu)
Oct 02, 2014 1:21:08 AM org.apache.catalina.startup.HostConfig deployDirectory
INFO: Deploying web application directory /home/sanchit/Documents/RnD/networks-rnd/ServerHandler/webapps/ServerHandler
Oct 02, 2014 1:21:09 AM org.apache.coyote.AbstractProtocol start
INFO: Starting ProtocolHandler ["http-bio-8080"]
Oct 02, 2014 1:21:09 AM org.apache.catalina.startup.Catalina start
INFO: Server startup in 1144 ms
Oct 02, 2014 1:21:35 AM org.apache.catalina.core.StandardServer await
INFO: A valid shutdown command was received via the shutdown port. Stopping the Server instance.
Oct 02, 2014 1:21:35 AM org.apache.coyote.AbstractProtocol pause
INFO: Pausing ProtocolHandler ["http-bio-8080"]
Oct 02, 2014 1:21:35 AM org.apache.catalina.core.StandardService stopInternal
INFO: Stopping service Catalina
Oct 02, 2014 1:21:35 AM org.apache.coyote.AbstractProtocol stop
INFO: Stopping ProtocolHandler ["http-bio-8080"]
Oct 02, 2014 1:21:35 AM org.apache.coyote.AbstractProtocol destroy
INFO: Destroying ProtocolHandler ["http-bio-8080"]
Oct 02, 2014 1:21:36 AM org.apache.catalina.startup.ClassLoaderFactory validateFile
WARNING: Problem with directory [/usr/share/tomcat7/common/classes], exists: [false], isDirectory: [false], canRead: [false]
Oct 02, 2014 1:21:36 AM org.apache.catalina.startup.ClassLoaderFactory validateFile
WARNING: Problem with directory [/usr/share/tomcat7/common], exists: [false], isDirectory: [false], canRead: [false]
Oct 02, 2014 1:21:36 AM org.apache.catalina.startup.ClassLoaderFactory validateFile
WARNING: Problem with directory [/usr/share/tomcat7/server/classes], exists: [false], isDirectory: [false], canRead: [false]
Oct 02, 2014 1:21:36 AM org.apache.catalina.startup.ClassLoaderFactory validateFile
WARNING: Problem with directory [/usr/share/tomcat7/server], exists: [false], isDirectory: [false], canRead: [false]
Oct 02, 2014 1:21:36 AM org.apache.catalina.startup.ClassLoaderFactory validateFile
WARNING: Problem with directory [/usr/share/tomcat7/shared/classes], exists: [false], isDirectory: [false], canRead: [false]
Oct 02, 2014 1:21:36 AM org.apache.catalina.startup.ClassLoaderFactory validateFile
WARNING: Problem with directory [/usr/share/tomcat7/shared], exists: [false], isDirectory: [false], canRead: [false]
Oct 02, 2014 1:21:36 AM org.apache.coyote.AbstractProtocol init
INFO: Initializing ProtocolHandler ["http-bio-8080"]
Oct 02, 2014 1:21:36 AM org.apache.catalina.startup.Catalina load
INFO: Initialization processed in 629 ms
Oct 02, 2014 1:21:36 AM org.apache.catalina.core.StandardService startInternal
INFO: Starting service Catalina
Oct 02, 2014 1:21:36 AM org.apache.catalina.core.StandardEngine startInternal
INFO: Starting Servlet Engine: Apache Tomcat/7.0.52 (Ubuntu)
Oct 02, 2014 1:21:36 AM org.apache.catalina.startup.HostConfig deployDirectory
INFO: Deploying web application directory /home/sanchit/Documents/RnD/networks-rnd/ServerHandler/webapps/ServerHandler
Oct 02, 2014 1:21:37 AM org.apache.coyote.AbstractProtocol start
INFO: Starting ProtocolHandler ["http-bio-8080"]
Oct 02, 2014 1:21:37 AM org.apache.catalina.startup.Catalina start
INFO: Server startup in 1126 ms
Oct 02, 2014 1:22:01 AM org.apache.catalina.core.StandardServer await
INFO: A valid shutdown command was received via the shutdown port. Stopping the Server instance.
Oct 02, 2014 1:22:01 AM org.apache.coyote.AbstractProtocol pause
INFO: Pausing ProtocolHandler ["http-bio-8080"]
Oct 02, 2014 1:22:01 AM org.apache.catalina.core.StandardService stopInternal
INFO: Stopping service Catalina
Oct 02, 2014 1:22:01 AM org.apache.coyote.AbstractProtocol stop
INFO: Stopping ProtocolHandler ["http-bio-8080"]
Oct 02, 2014 1:22:01 AM org.apache.coyote.AbstractProtocol destroy
INFO: Destroying ProtocolHandler ["http-bio-8080"]
Oct 02, 2014 1:22:02 AM org.apache.catalina.startup.ClassLoaderFactory validateFile
WARNING: Problem with directory [/usr/share/tomcat7/common/classes], exists: [false], isDirectory: [false], canRead: [false]
Oct 02, 2014 1:22:02 AM org.apache.catalina.startup.ClassLoaderFactory validateFile
WARNING: Problem with directory [/usr/share/tomcat7/common], exists: [false], isDirectory: [false], canRead: [false]
Oct 02, 2014 1:22:02 AM org.apache.catalina.startup.ClassLoaderFactory validateFile
WARNING: Problem with directory [/usr/share/tomcat7/server/classes], exists: [false], isDirectory: [false], canRead: [false]
Oct 02, 2014 1:22:02 AM org.apache.catalina.startup.ClassLoaderFactory validateFile
WARNING: Problem with directory [/usr/share/tomcat7/server], exists: [false], isDirectory: [false], canRead: [false]
Oct 02, 2014 1:22:02 AM org.apache.catalina.startup.ClassLoaderFactory validateFile
WARNING: Problem with directory [/usr/share/tomcat7/shared/classes], exists: [false], isDirectory: [false], canRead: [false]
Oct 02, 2014 1:22:02 AM org.apache.catalina.startup.ClassLoaderFactory validateFile
WARNING: Problem with directory [/usr/share/tomcat7/shared], exists: [false], isDirectory: [false], canRead: [false]
Oct 02, 2014 1:22:03 AM org.apache.coyote.AbstractProtocol init
INFO: Initializing ProtocolHandler ["http-bio-8080"]
Oct 02, 2014 1:22:03 AM org.apache.catalina.startup.Catalina load
INFO: Initialization processed in 719 ms
Oct 02, 2014 1:22:03 AM org.apache.catalina.core.StandardService startInternal
INFO: Starting service Catalina
Oct 02, 2014 1:22:03 AM org.apache.catalina.core.StandardEngine startInternal
INFO: Starting Servlet Engine: Apache Tomcat/7.0.52 (Ubuntu)
Oct 02, 2014 1:22:03 AM org.apache.catalina.startup.HostConfig deployDirectory
INFO: Deploying web application directory /home/sanchit/Documents/RnD/networks-rnd/ServerHandler/webapps/ServerHandler
Oct 02, 2014 1:22:04 AM org.apache.coyote.AbstractProtocol start
INFO: Starting ProtocolHandler ["http-bio-8080"]
Oct 02, 2014 1:22:04 AM org.apache.catalina.startup.Catalina start
INFO: Server startup in 1180 ms
Oct 02, 2014 1:23:47 AM org.apache.catalina.core.StandardServer await
INFO: A valid shutdown command was received via the shutdown port. Stopping the Server instance.
Oct 02, 2014 1:23:47 AM org.apache.coyote.AbstractProtocol pause
INFO: Pausing ProtocolHandler ["http-bio-8080"]
Oct 02, 2014 1:23:47 AM org.apache.catalina.core.StandardService stopInternal
INFO: Stopping service Catalina
Oct 02, 2014 1:23:47 AM org.apache.coyote.AbstractProtocol stop
INFO: Stopping ProtocolHandler ["http-bio-8080"]
Oct 02, 2014 1:23:47 AM org.apache.coyote.AbstractProtocol destroy
INFO: Destroying ProtocolHandler ["http-bio-8080"]
Oct 02, 2014 1:23:48 AM org.apache.catalina.startup.ClassLoaderFactory validateFile
WARNING: Problem with directory [/usr/share/tomcat7/common/classes], exists: [false], isDirectory: [false], canRead: [false]
Oct 02, 2014 1:23:48 AM org.apache.catalina.startup.ClassLoaderFactory validateFile
WARNING: Problem with directory [/usr/share/tomcat7/common], exists: [false], isDirectory: [false], canRead: [false]
Oct 02, 2014 1:23:48 AM org.apache.catalina.startup.ClassLoaderFactory validateFile
WARNING: Problem with directory [/usr/share/tomcat7/server/classes], exists: [false], isDirectory: [false], canRead: [false]
Oct 02, 2014 1:23:48 AM org.apache.catalina.startup.ClassLoaderFactory validateFile
WARNING: Problem with directory [/usr/share/tomcat7/server], exists: [false], isDirectory: [false], canRead: [false]
Oct 02, 2014 1:23:48 AM org.apache.catalina.startup.ClassLoaderFactory validateFile
WARNING: Problem with directory [/usr/share/tomcat7/shared/classes], exists: [false], isDirectory: [false], canRead: [false]
Oct 02, 2014 1:23:48 AM org.apache.catalina.startup.ClassLoaderFactory validateFile
WARNING: Problem with directory [/usr/share/tomcat7/shared], exists: [false], isDirectory: [false], canRead: [false]
Oct 02, 2014 1:23:49 AM org.apache.coyote.AbstractProtocol init
INFO: Initializing ProtocolHandler ["http-bio-8080"]
Oct 02, 2014 1:23:49 AM org.apache.catalina.startup.Catalina load
INFO: Initialization processed in 644 ms
Oct 02, 2014 1:23:49 AM org.apache.catalina.core.StandardService startInternal
INFO: Starting service Catalina
Oct 02, 2014 1:23:49 AM org.apache.catalina.core.StandardEngine startInternal
INFO: Starting Servlet Engine: Apache Tomcat/7.0.52 (Ubuntu)
Oct 02, 2014 1:23:49 AM org.apache.catalina.startup.HostConfig deployDirectory
INFO: Deploying web application directory /home/sanchit/Documents/RnD/networks-rnd/ServerHandler/webapps/ServerHandler
Oct 02, 2014 1:23:50 AM org.apache.coyote.AbstractProtocol start
INFO: Starting ProtocolHandler ["http-bio-8080"]
Oct 02, 2014 1:23:50 AM org.apache.catalina.startup.Catalina start
INFO: Server startup in 1126 ms
Oct 02, 2014 1:24:07 AM org.apache.catalina.core.StandardServer await
INFO: A valid shutdown command was received via the shutdown port. Stopping the Server instance.
Oct 02, 2014 1:24:07 AM org.apache.coyote.AbstractProtocol pause
INFO: Pausing ProtocolHandler ["http-bio-8080"]
Oct 02, 2014 1:24:07 AM org.apache.catalina.core.StandardService stopInternal
INFO: Stopping service Catalina
Oct 02, 2014 1:24:07 AM org.apache.coyote.AbstractProtocol stop
INFO: Stopping ProtocolHandler ["http-bio-8080"]
Oct 02, 2014 1:24:07 AM org.apache.coyote.AbstractProtocol destroy
INFO: Destroying ProtocolHandler ["http-bio-8080"]
Oct 02, 2014 1:24:07 AM org.apache.catalina.startup.ClassLoaderFactory validateFile
WARNING: Problem with directory [/usr/share/tomcat7/common/classes], exists: [false], isDirectory: [false], canRead: [false]
Oct 02, 2014 1:24:07 AM org.apache.catalina.startup.ClassLoaderFactory validateFile
WARNING: Problem with directory [/usr/share/tomcat7/common], exists: [false], isDirectory: [false], canRead: [false]
Oct 02, 2014 1:24:07 AM org.apache.catalina.startup.ClassLoaderFactory validateFile
WARNING: Problem with directory [/usr/share/tomcat7/server/classes], exists: [false], isDirectory: [false], canRead: [false]
Oct 02, 2014 1:24:07 AM org.apache.catalina.startup.ClassLoaderFactory validateFile
WARNING: Problem with directory [/usr/share/tomcat7/server], exists: [false], isDirectory: [false], canRead: [false]
Oct 02, 2014 1:24:07 AM org.apache.catalina.startup.ClassLoaderFactory validateFile
WARNING: Problem with directory [/usr/share/tomcat7/shared/classes], exists: [false], isDirectory: [false], canRead: [false]
Oct 02, 2014 1:24:07 AM org.apache.catalina.startup.ClassLoaderFactory validateFile
WARNING: Problem with directory [/usr/share/tomcat7/shared], exists: [false], isDirectory: [false], canRead: [false]
Oct 02, 2014 1:24:08 AM org.apache.coyote.AbstractProtocol init
INFO: Initializing ProtocolHandler ["http-bio-8080"]
Oct 02, 2014 1:24:08 AM org.apache.catalina.startup.Catalina load
INFO: Initialization processed in 711 ms
Oct 02, 2014 1:24:08 AM org.apache.catalina.core.StandardService startInternal
INFO: Starting service Catalina
Oct 02, 2014 1:24:08 AM org.apache.catalina.core.StandardEngine startInternal
INFO: Starting Servlet Engine: Apache Tomcat/7.0.52 (Ubuntu)
Oct 02, 2014 1:24:08 AM org.apache.catalina.startup.HostConfig deployDirectory
INFO: Deploying web application directory /home/sanchit/Documents/RnD/networks-rnd/ServerHandler/webapps/ServerHandler
Oct 02, 2014 1:24:09 AM org.apache.coyote.AbstractProtocol start
INFO: Starting ProtocolHandler ["http-bio-8080"]
Oct 02, 2014 1:24:09 AM org.apache.catalina.startup.Catalina start
INFO: Server startup in 1176 ms
Oct 02, 2014 1:36:48 AM org.apache.catalina.core.StandardServer await
INFO: A valid shutdown command was received via the shutdown port. Stopping the Server instance.
Oct 02, 2014 1:36:48 AM org.apache.coyote.AbstractProtocol pause
INFO: Pausing ProtocolHandler ["http-bio-8080"]
Oct 02, 2014 1:36:48 AM org.apache.catalina.core.StandardService stopInternal
INFO: Stopping service Catalina
Oct 02, 2014 1:36:48 AM org.apache.coyote.AbstractProtocol stop
INFO: Stopping ProtocolHandler ["http-bio-8080"]
Oct 02, 2014 1:36:48 AM org.apache.coyote.AbstractProtocol destroy
INFO: Destroying ProtocolHandler ["http-bio-8080"]
Oct 02, 2014 1:36:48 AM org.apache.catalina.startup.ClassLoaderFactory validateFile
WARNING: Problem with directory [/usr/share/tomcat7/common/classes], exists: [false], isDirectory: [false], canRead: [false]
Oct 02, 2014 1:36:48 AM org.apache.catalina.startup.ClassLoaderFactory validateFile
WARNING: Problem with directory [/usr/share/tomcat7/common], exists: [false], isDirectory: [false], canRead: [false]
Oct 02, 2014 1:36:49 AM org.apache.catalina.startup.ClassLoaderFactory validateFile
WARNING: Problem with directory [/usr/share/tomcat7/server/classes], exists: [false], isDirectory: [false], canRead: [false]
Oct 02, 2014 1:36:49 AM org.apache.catalina.startup.ClassLoaderFactory validateFile
WARNING: Problem with directory [/usr/share/tomcat7/server], exists: [false], isDirectory: [false], canRead: [false]
Oct 02, 2014 1:36:49 AM org.apache.catalina.startup.ClassLoaderFactory validateFile
WARNING: Problem with directory [/usr/share/tomcat7/shared/classes], exists: [false], isDirectory: [false], canRead: [false]
Oct 02, 2014 1:36:49 AM org.apache.catalina.startup.ClassLoaderFactory validateFile
WARNING: Problem with directory [/usr/share/tomcat7/shared], exists: [false], isDirectory: [false], canRead: [false]
Oct 02, 2014 1:36:49 AM org.apache.coyote.AbstractProtocol init
INFO: Initializing ProtocolHandler ["http-bio-8080"]
Oct 02, 2014 1:36:49 AM org.apache.catalina.startup.Catalina load
INFO: Initialization processed in 672 ms
Oct 02, 2014 1:36:49 AM org.apache.catalina.core.StandardService startInternal
INFO: Starting service Catalina
Oct 02, 2014 1:36:49 AM org.apache.catalina.core.StandardEngine startInternal
INFO: Starting Servlet Engine: Apache Tomcat/7.0.52 (Ubuntu)
Oct 02, 2014 1:36:49 AM org.apache.catalina.startup.HostConfig deployDirectory
INFO: Deploying web application directory /home/sanchit/Documents/RnD/networks-rnd/ServerHandler/webapps/ServerHandler
Oct 02, 2014 1:36:50 AM org.apache.coyote.AbstractProtocol start
INFO: Starting ProtocolHandler ["http-bio-8080"]
Oct 02, 2014 1:36:50 AM org.apache.catalina.startup.Catalina start
INFO: Server startup in 1182 ms
Oct 02, 2014 1:41:42 AM org.apache.catalina.core.StandardServer await
INFO: A valid shutdown command was received via the shutdown port. Stopping the Server instance.
Oct 02, 2014 1:41:42 AM org.apache.coyote.AbstractProtocol pause
INFO: Pausing ProtocolHandler ["http-bio-8080"]
Oct 02, 2014 1:41:42 AM org.apache.catalina.core.StandardService stopInternal
INFO: Stopping service Catalina
Oct 02, 2014 1:41:42 AM org.apache.coyote.AbstractProtocol stop
INFO: Stopping ProtocolHandler ["http-bio-8080"]
Oct 02, 2014 1:41:42 AM org.apache.coyote.AbstractProtocol destroy
INFO: Destroying ProtocolHandler ["http-bio-8080"]
Oct 02, 2014 1:41:43 AM org.apache.catalina.startup.ClassLoaderFactory validateFile
WARNING: Problem with directory [/usr/share/tomcat7/common/classes], exists: [false], isDirectory: [false], canRead: [false]
Oct 02, 2014 1:41:43 AM org.apache.catalina.startup.ClassLoaderFactory validateFile
WARNING: Problem with directory [/usr/share/tomcat7/common], exists: [false], isDirectory: [false], canRead: [false]
Oct 02, 2014 1:41:43 AM org.apache.catalina.startup.ClassLoaderFactory validateFile
WARNING: Problem with directory [/usr/share/tomcat7/server/classes], exists: [false], isDirectory: [false], canRead: [false]
Oct 02, 2014 1:41:43 AM org.apache.catalina.startup.ClassLoaderFactory validateFile
WARNING: Problem with directory [/usr/share/tomcat7/server], exists: [false], isDirectory: [false], canRead: [false]
Oct 02, 2014 1:41:43 AM org.apache.catalina.startup.ClassLoaderFactory validateFile
WARNING: Problem with directory [/usr/share/tomcat7/shared/classes], exists: [false], isDirectory: [false], canRead: [false]
Oct 02, 2014 1:41:43 AM org.apache.catalina.startup.ClassLoaderFactory validateFile
WARNING: Problem with directory [/usr/share/tomcat7/shared], exists: [false], isDirectory: [false], canRead: [false]
Oct 02, 2014 1:41:43 AM org.apache.coyote.AbstractProtocol init
INFO: Initializing ProtocolHandler ["http-bio-8080"]
Oct 02, 2014 1:41:43 AM org.apache.catalina.startup.Catalina load
INFO: Initialization processed in 680 ms
Oct 02, 2014 1:41:43 AM org.apache.catalina.core.StandardService startInternal
INFO: Starting service Catalina
Oct 02, 2014 1:41:43 AM org.apache.catalina.core.StandardEngine startInternal
INFO: Starting Servlet Engine: Apache Tomcat/7.0.52 (Ubuntu)
Oct 02, 2014 1:41:44 AM org.apache.catalina.startup.HostConfig deployDirectory
INFO: Deploying web application directory /home/sanchit/Documents/RnD/networks-rnd/ServerHandler/webapps/ServerHandler
Oct 02, 2014 1:41:45 AM org.apache.coyote.AbstractProtocol start
INFO: Starting ProtocolHandler ["http-bio-8080"]
Oct 02, 2014 1:41:45 AM org.apache.catalina.startup.Catalina start
INFO: Server startup in 1136 ms
